<?xml version="1.0" encoding="UTF-8"?>
<testng-results ignored="0" total="2" passed="2" failed="0" skipped="0">
  <reporter-output>
  </reporter-output>
  <suite started-at="2021-07-19T12:48:42 IST" name="Default suite" finished-at="2021-07-19T12:48:42 IST" duration-ms="155">
    <groups>
    </groups>
    <test started-at="2021-07-19T12:48:42 IST" name="Default test" finished-at="2021-07-19T12:48:42 IST" duration-ms="155">
      <class name="here.Tommorow">
        <test-method signature="demo()[pri:0, instance:here.Tommorow@1eb5174b]" started-at="2021-07-19T12:48:42 IST" name="demo" finished-at="2021-07-19T12:48:42 IST" duration-ms="19" status="PASS">
          <reporter-output>
          </reporter-output>
        </test-method> <!-- demo -->
        <test-method signature="done()[pri:0, instance:here.Tommorow@1eb5174b]" started-at="2021-07-19T12:48:42 IST" name="done" finished-at="2021-07-19T12:48:42 IST" duration-ms="3" status="PASS">
          <reporter-output>
          </reporter-output>
        </test-method> <!-- done -->
      </class> <!-- here.Tommorow -->
    </test> <!-- Default test -->
  </suite> <!-- Default suite -->
</testng-results>
